+ cc kern/init/entry.S
i386-elf-gcc -Ikern/init/ -fno-builtin -fno-PIC -Wall -ggdb -m32 -gstabs -nostdinc  -fno-stack-protector -Ilibs/ -Ikern/debug/ -Ikern/driver/ -Ikern/trap/ -Ikern/mm/ -Ikern/libs/ -Ikern/sync/ -Ikern/fs/ -Ikern/process/ -Ikern/schedule/ -Ikern/syscall/ -Ikern/fs/swap/ -Ikern/fs/vfs/ -Ikern/fs/devs/ -Ikern/fs/sfs/ -c kern/init/entry.S -o obj/kern/init/entry.o
+ cc kern/init/init.c
i386-elf-gcc -Ikern/init/ -fno-builtin -fno-PIC -Wall -ggdb -m32 -gstabs -nostdinc  -fno-stack-protector -Ilibs/ -Ikern/debug/ -Ikern/driver/ -Ikern/trap/ -Ikern/mm/ -Ikern/libs/ -Ikern/sync/ -Ikern/fs/ -Ikern/process/ -Ikern/schedule/ -Ikern/syscall/ -Ikern/fs/swap/ -Ikern/fs/vfs/ -Ikern/fs/devs/ -Ikern/fs/sfs/ -c kern/init/init.c -o obj/kern/init/init.o
+ cc kern/libs/readline.c
i386-elf-gcc -Ikern/libs/ -fno-builtin -fno-PIC -Wall -ggdb -m32 -gstabs -nostdinc  -fno-stack-protector -Ilibs/ -Ikern/debug/ -Ikern/driver/ -Ikern/trap/ -Ikern/mm/ -Ikern/libs/ -Ikern/sync/ -Ikern/fs/ -Ikern/process/ -Ikern/schedule/ -Ikern/syscall/ -Ikern/fs/swap/ -Ikern/fs/vfs/ -Ikern/fs/devs/ -Ikern/fs/sfs/ -c kern/libs/readline.c -o obj/kern/libs/readline.o
+ cc kern/libs/stdio.c
i386-elf-gcc -Ikern/libs/ -fno-builtin -fno-PIC -Wall -ggdb -m32 -gstabs -nostdinc  -fno-stack-protector -Ilibs/ -Ikern/debug/ -Ikern/driver/ -Ikern/trap/ -Ikern/mm/ -Ikern/libs/ -Ikern/sync/ -Ikern/fs/ -Ikern/process/ -Ikern/schedule/ -Ikern/syscall/ -Ikern/fs/swap/ -Ikern/fs/vfs/ -Ikern/fs/devs/ -Ikern/fs/sfs/ -c kern/libs/stdio.c -o obj/kern/libs/stdio.o
+ cc kern/libs/string.c
i386-elf-gcc -Ikern/libs/ -fno-builtin -fno-PIC -Wall -ggdb -m32 -gstabs -nostdinc  -fno-stack-protector -Ilibs/ -Ikern/debug/ -Ikern/driver/ -Ikern/trap/ -Ikern/mm/ -Ikern/libs/ -Ikern/sync/ -Ikern/fs/ -Ikern/process/ -Ikern/schedule/ -Ikern/syscall/ -Ikern/fs/swap/ -Ikern/fs/vfs/ -Ikern/fs/devs/ -Ikern/fs/sfs/ -c kern/libs/string.c -o obj/kern/libs/string.o
+ cc kern/debug/kdebug.c
i386-elf-gcc -Ikern/debug/ -fno-builtin -fno-PIC -Wall -ggdb -m32 -gstabs -nostdinc  -fno-stack-protector -Ilibs/ -Ikern/debug/ -Ikern/driver/ -Ikern/trap/ -Ikern/mm/ -Ikern/libs/ -Ikern/sync/ -Ikern/fs/ -Ikern/process/ -Ikern/schedule/ -Ikern/syscall/ -Ikern/fs/swap/ -Ikern/fs/vfs/ -Ikern/fs/devs/ -Ikern/fs/sfs/ -c kern/debug/kdebug.c -o obj/kern/debug/kdebug.o
+ cc kern/debug/kmonitor.c
i386-elf-gcc -Ikern/debug/ -fno-builtin -fno-PIC -Wall -ggdb -m32 -gstabs -nostdinc  -fno-stack-protector -Ilibs/ -Ikern/debug/ -Ikern/driver/ -Ikern/trap/ -Ikern/mm/ -Ikern/libs/ -Ikern/sync/ -Ikern/fs/ -Ikern/process/ -Ikern/schedule/ -Ikern/syscall/ -Ikern/fs/swap/ -Ikern/fs/vfs/ -Ikern/fs/devs/ -Ikern/fs/sfs/ -c kern/debug/kmonitor.c -o obj/kern/debug/kmonitor.o
+ cc kern/debug/panic.c
i386-elf-gcc -Ikern/debug/ -fno-builtin -fno-PIC -Wall -ggdb -m32 -gstabs -nostdinc  -fno-stack-protector -Ilibs/ -Ikern/debug/ -Ikern/driver/ -Ikern/trap/ -Ikern/mm/ -Ikern/libs/ -Ikern/sync/ -Ikern/fs/ -Ikern/process/ -Ikern/schedule/ -Ikern/syscall/ -Ikern/fs/swap/ -Ikern/fs/vfs/ -Ikern/fs/devs/ -Ikern/fs/sfs/ -c kern/debug/panic.c -o obj/kern/debug/panic.o
+ cc kern/driver/clock.c
i386-elf-gcc -Ikern/driver/ -fno-builtin -fno-PIC -Wall -ggdb -m32 -gstabs -nostdinc  -fno-stack-protector -Ilibs/ -Ikern/debug/ -Ikern/driver/ -Ikern/trap/ -Ikern/mm/ -Ikern/libs/ -Ikern/sync/ -Ikern/fs/ -Ikern/process/ -Ikern/schedule/ -Ikern/syscall/ -Ikern/fs/swap/ -Ikern/fs/vfs/ -Ikern/fs/devs/ -Ikern/fs/sfs/ -c kern/driver/clock.c -o obj/kern/driver/clock.o
+ cc kern/driver/console.c
i386-elf-gcc -Ikern/driver/ -fno-builtin -fno-PIC -Wall -ggdb -m32 -gstabs -nostdinc  -fno-stack-protector -Ilibs/ -Ikern/debug/ -Ikern/driver/ -Ikern/trap/ -Ikern/mm/ -Ikern/libs/ -Ikern/sync/ -Ikern/fs/ -Ikern/process/ -Ikern/schedule/ -Ikern/syscall/ -Ikern/fs/swap/ -Ikern/fs/vfs/ -Ikern/fs/devs/ -Ikern/fs/sfs/ -c kern/driver/console.c -o obj/kern/driver/console.o
+ cc kern/driver/ide.c
i386-elf-gcc -Ikern/driver/ -fno-builtin -fno-PIC -Wall -ggdb -m32 -gstabs -nostdinc  -fno-stack-protector -Ilibs/ -Ikern/debug/ -Ikern/driver/ -Ikern/trap/ -Ikern/mm/ -Ikern/libs/ -Ikern/sync/ -Ikern/fs/ -Ikern/process/ -Ikern/schedule/ -Ikern/syscall/ -Ikern/fs/swap/ -Ikern/fs/vfs/ -Ikern/fs/devs/ -Ikern/fs/sfs/ -c kern/driver/ide.c -o obj/kern/driver/ide.o
+ cc kern/driver/intr.c
i386-elf-gcc -Ikern/driver/ -fno-builtin -fno-PIC -Wall -ggdb -m32 -gstabs -nostdinc  -fno-stack-protector -Ilibs/ -Ikern/debug/ -Ikern/driver/ -Ikern/trap/ -Ikern/mm/ -Ikern/libs/ -Ikern/sync/ -Ikern/fs/ -Ikern/process/ -Ikern/schedule/ -Ikern/syscall/ -Ikern/fs/swap/ -Ikern/fs/vfs/ -Ikern/fs/devs/ -Ikern/fs/sfs/ -c kern/driver/intr.c -o obj/kern/driver/intr.o
+ cc kern/driver/picirq.c
i386-elf-gcc -Ikern/driver/ -fno-builtin -fno-PIC -Wall -ggdb -m32 -gstabs -nostdinc  -fno-stack-protector -Ilibs/ -Ikern/debug/ -Ikern/driver/ -Ikern/trap/ -Ikern/mm/ -Ikern/libs/ -Ikern/sync/ -Ikern/fs/ -Ikern/process/ -Ikern/schedule/ -Ikern/syscall/ -Ikern/fs/swap/ -Ikern/fs/vfs/ -Ikern/fs/devs/ -Ikern/fs/sfs/ -c kern/driver/picirq.c -o obj/kern/driver/picirq.o
+ cc kern/trap/trap.c
i386-elf-gcc -Ikern/trap/ -fno-builtin -fno-PIC -Wall -ggdb -m32 -gstabs -nostdinc  -fno-stack-protector -Ilibs/ -Ikern/debug/ -Ikern/driver/ -Ikern/trap/ -Ikern/mm/ -Ikern/libs/ -Ikern/sync/ -Ikern/fs/ -Ikern/process/ -Ikern/schedule/ -Ikern/syscall/ -Ikern/fs/swap/ -Ikern/fs/vfs/ -Ikern/fs/devs/ -Ikern/fs/sfs/ -c kern/trap/trap.c -o obj/kern/trap/trap.o
+ cc kern/trap/trapentry.S
i386-elf-gcc -Ikern/trap/ -fno-builtin -fno-PIC -Wall -ggdb -m32 -gstabs -nostdinc  -fno-stack-protector -Ilibs/ -Ikern/debug/ -Ikern/driver/ -Ikern/trap/ -Ikern/mm/ -Ikern/libs/ -Ikern/sync/ -Ikern/fs/ -Ikern/process/ -Ikern/schedule/ -Ikern/syscall/ -Ikern/fs/swap/ -Ikern/fs/vfs/ -Ikern/fs/devs/ -Ikern/fs/sfs/ -c kern/trap/trapentry.S -o obj/kern/trap/trapentry.o
+ cc kern/trap/vectors.S
i386-elf-gcc -Ikern/trap/ -fno-builtin -fno-PIC -Wall -ggdb -m32 -gstabs -nostdinc  -fno-stack-protector -Ilibs/ -Ikern/debug/ -Ikern/driver/ -Ikern/trap/ -Ikern/mm/ -Ikern/libs/ -Ikern/sync/ -Ikern/fs/ -Ikern/process/ -Ikern/schedule/ -Ikern/syscall/ -Ikern/fs/swap/ -Ikern/fs/vfs/ -Ikern/fs/devs/ -Ikern/fs/sfs/ -c kern/trap/vectors.S -o obj/kern/trap/vectors.o
+ cc kern/mm/default_pmm.c
i386-elf-gcc -Ikern/mm/ -fno-builtin -fno-PIC -Wall -ggdb -m32 -gstabs -nostdinc  -fno-stack-protector -Ilibs/ -Ikern/debug/ -Ikern/driver/ -Ikern/trap/ -Ikern/mm/ -Ikern/libs/ -Ikern/sync/ -Ikern/fs/ -Ikern/process/ -Ikern/schedule/ -Ikern/syscall/ -Ikern/fs/swap/ -Ikern/fs/vfs/ -Ikern/fs/devs/ -Ikern/fs/sfs/ -c kern/mm/default_pmm.c -o obj/kern/mm/default_pmm.o
+ cc kern/mm/kmalloc.c
i386-elf-gcc -Ikern/mm/ -fno-builtin -fno-PIC -Wall -ggdb -m32 -gstabs -nostdinc  -fno-stack-protector -Ilibs/ -Ikern/debug/ -Ikern/driver/ -Ikern/trap/ -Ikern/mm/ -Ikern/libs/ -Ikern/sync/ -Ikern/fs/ -Ikern/process/ -Ikern/schedule/ -Ikern/syscall/ -Ikern/fs/swap/ -Ikern/fs/vfs/ -Ikern/fs/devs/ -Ikern/fs/sfs/ -c kern/mm/kmalloc.c -o obj/kern/mm/kmalloc.o
+ cc kern/mm/pmm.c
i386-elf-gcc -Ikern/mm/ -fno-builtin -fno-PIC -Wall -ggdb -m32 -gstabs -nostdinc  -fno-stack-protector -Ilibs/ -Ikern/debug/ -Ikern/driver/ -Ikern/trap/ -Ikern/mm/ -Ikern/libs/ -Ikern/sync/ -Ikern/fs/ -Ikern/process/ -Ikern/schedule/ -Ikern/syscall/ -Ikern/fs/swap/ -Ikern/fs/vfs/ -Ikern/fs/devs/ -Ikern/fs/sfs/ -c kern/mm/pmm.c -o obj/kern/mm/pmm.o
+ cc kern/mm/swap.c
i386-elf-gcc -Ikern/mm/ -fno-builtin -fno-PIC -Wall -ggdb -m32 -gstabs -nostdinc  -fno-stack-protector -Ilibs/ -Ikern/debug/ -Ikern/driver/ -Ikern/trap/ -Ikern/mm/ -Ikern/libs/ -Ikern/sync/ -Ikern/fs/ -Ikern/process/ -Ikern/schedule/ -Ikern/syscall/ -Ikern/fs/swap/ -Ikern/fs/vfs/ -Ikern/fs/devs/ -Ikern/fs/sfs/ -c kern/mm/swap.c -o obj/kern/mm/swap.o
+ cc kern/mm/swap_fifo.c
i386-elf-gcc -Ikern/mm/ -fno-builtin -fno-PIC -Wall -ggdb -m32 -gstabs -nostdinc  -fno-stack-protector -Ilibs/ -Ikern/debug/ -Ikern/driver/ -Ikern/trap/ -Ikern/mm/ -Ikern/libs/ -Ikern/sync/ -Ikern/fs/ -Ikern/process/ -Ikern/schedule/ -Ikern/syscall/ -Ikern/fs/swap/ -Ikern/fs/vfs/ -Ikern/fs/devs/ -Ikern/fs/sfs/ -c kern/mm/swap_fifo.c -o obj/kern/mm/swap_fifo.o
+ cc kern/mm/vmm.c
i386-elf-gcc -Ikern/mm/ -fno-builtin -fno-PIC -Wall -ggdb -m32 -gstabs -nostdinc  -fno-stack-protector -Ilibs/ -Ikern/debug/ -Ikern/driver/ -Ikern/trap/ -Ikern/mm/ -Ikern/libs/ -Ikern/sync/ -Ikern/fs/ -Ikern/process/ -Ikern/schedule/ -Ikern/syscall/ -Ikern/fs/swap/ -Ikern/fs/vfs/ -Ikern/fs/devs/ -Ikern/fs/sfs/ -c kern/mm/vmm.c -o obj/kern/mm/vmm.o
+ cc kern/sync/check_sync.c
i386-elf-gcc -Ikern/sync/ -fno-builtin -fno-PIC -Wall -ggdb -m32 -gstabs -nostdinc  -fno-stack-protector -Ilibs/ -Ikern/debug/ -Ikern/driver/ -Ikern/trap/ -Ikern/mm/ -Ikern/libs/ -Ikern/sync/ -Ikern/fs/ -Ikern/process/ -Ikern/schedule/ -Ikern/syscall/ -Ikern/fs/swap/ -Ikern/fs/vfs/ -Ikern/fs/devs/ -Ikern/fs/sfs/ -c kern/sync/check_sync.c -o obj/kern/sync/check_sync.o
+ cc kern/sync/monitor.c
i386-elf-gcc -Ikern/sync/ -fno-builtin -fno-PIC -Wall -ggdb -m32 -gstabs -nostdinc  -fno-stack-protector -Ilibs/ -Ikern/debug/ -Ikern/driver/ -Ikern/trap/ -Ikern/mm/ -Ikern/libs/ -Ikern/sync/ -Ikern/fs/ -Ikern/process/ -Ikern/schedule/ -Ikern/syscall/ -Ikern/fs/swap/ -Ikern/fs/vfs/ -Ikern/fs/devs/ -Ikern/fs/sfs/ -c kern/sync/monitor.c -o obj/kern/sync/monitor.o
+ cc kern/sync/sem.c
i386-elf-gcc -Ikern/sync/ -fno-builtin -fno-PIC -Wall -ggdb -m32 -gstabs -nostdinc  -fno-stack-protector -Ilibs/ -Ikern/debug/ -Ikern/driver/ -Ikern/trap/ -Ikern/mm/ -Ikern/libs/ -Ikern/sync/ -Ikern/fs/ -Ikern/process/ -Ikern/schedule/ -Ikern/syscall/ -Ikern/fs/swap/ -Ikern/fs/vfs/ -Ikern/fs/devs/ -Ikern/fs/sfs/ -c kern/sync/sem.c -o obj/kern/sync/sem.o
+ cc kern/sync/wait.c
i386-elf-gcc -Ikern/sync/ -fno-builtin -fno-PIC -Wall -ggdb -m32 -gstabs -nostdinc  -fno-stack-protector -Ilibs/ -Ikern/debug/ -Ikern/driver/ -Ikern/trap/ -Ikern/mm/ -Ikern/libs/ -Ikern/sync/ -Ikern/fs/ -Ikern/process/ -Ikern/schedule/ -Ikern/syscall/ -Ikern/fs/swap/ -Ikern/fs/vfs/ -Ikern/fs/devs/ -Ikern/fs/sfs/ -c kern/sync/wait.c -o obj/kern/sync/wait.o
+ cc kern/fs/file.c
i386-elf-gcc -Ikern/fs/ -fno-builtin -fno-PIC -Wall -ggdb -m32 -gstabs -nostdinc  -fno-stack-protector -Ilibs/ -Ikern/debug/ -Ikern/driver/ -Ikern/trap/ -Ikern/mm/ -Ikern/libs/ -Ikern/sync/ -Ikern/fs/ -Ikern/process/ -Ikern/schedule/ -Ikern/syscall/ -Ikern/fs/swap/ -Ikern/fs/vfs/ -Ikern/fs/devs/ -Ikern/fs/sfs/ -c kern/fs/file.c -o obj/kern/fs/file.o
+ cc kern/fs/fs.c
i386-elf-gcc -Ikern/fs/ -fno-builtin -fno-PIC -Wall -ggdb -m32 -gstabs -nostdinc  -fno-stack-protector -Ilibs/ -Ikern/debug/ -Ikern/driver/ -Ikern/trap/ -Ikern/mm/ -Ikern/libs/ -Ikern/sync/ -Ikern/fs/ -Ikern/process/ -Ikern/schedule/ -Ikern/syscall/ -Ikern/fs/swap/ -Ikern/fs/vfs/ -Ikern/fs/devs/ -Ikern/fs/sfs/ -c kern/fs/fs.c -o obj/kern/fs/fs.o
+ cc kern/fs/iobuf.c
i386-elf-gcc -Ikern/fs/ -fno-builtin -fno-PIC -Wall -ggdb -m32 -gstabs -nostdinc  -fno-stack-protector -Ilibs/ -Ikern/debug/ -Ikern/driver/ -Ikern/trap/ -Ikern/mm/ -Ikern/libs/ -Ikern/sync/ -Ikern/fs/ -Ikern/process/ -Ikern/schedule/ -Ikern/syscall/ -Ikern/fs/swap/ -Ikern/fs/vfs/ -Ikern/fs/devs/ -Ikern/fs/sfs/ -c kern/fs/iobuf.c -o obj/kern/fs/iobuf.o
+ cc kern/fs/sysfile.c
i386-elf-gcc -Ikern/fs/ -fno-builtin -fno-PIC -Wall -ggdb -m32 -gstabs -nostdinc  -fno-stack-protector -Ilibs/ -Ikern/debug/ -Ikern/driver/ -Ikern/trap/ -Ikern/mm/ -Ikern/libs/ -Ikern/sync/ -Ikern/fs/ -Ikern/process/ -Ikern/schedule/ -Ikern/syscall/ -Ikern/fs/swap/ -Ikern/fs/vfs/ -Ikern/fs/devs/ -Ikern/fs/sfs/ -c kern/fs/sysfile.c -o obj/kern/fs/sysfile.o
+ cc kern/process/entry.S
i386-elf-gcc -Ikern/process/ -fno-builtin -fno-PIC -Wall -ggdb -m32 -gstabs -nostdinc  -fno-stack-protector -Ilibs/ -Ikern/debug/ -Ikern/driver/ -Ikern/trap/ -Ikern/mm/ -Ikern/libs/ -Ikern/sync/ -Ikern/fs/ -Ikern/process/ -Ikern/schedule/ -Ikern/syscall/ -Ikern/fs/swap/ -Ikern/fs/vfs/ -Ikern/fs/devs/ -Ikern/fs/sfs/ -c kern/process/entry.S -o obj/kern/process/entry.o
+ cc kern/process/proc.c
i386-elf-gcc -Ikern/process/ -fno-builtin -fno-PIC -Wall -ggdb -m32 -gstabs -nostdinc  -fno-stack-protector -Ilibs/ -Ikern/debug/ -Ikern/driver/ -Ikern/trap/ -Ikern/mm/ -Ikern/libs/ -Ikern/sync/ -Ikern/fs/ -Ikern/process/ -Ikern/schedule/ -Ikern/syscall/ -Ikern/fs/swap/ -Ikern/fs/vfs/ -Ikern/fs/devs/ -Ikern/fs/sfs/ -c kern/process/proc.c -o obj/kern/process/proc.o
+ cc kern/process/switch.S
i386-elf-gcc -Ikern/process/ -fno-builtin -fno-PIC -Wall -ggdb -m32 -gstabs -nostdinc  -fno-stack-protector -Ilibs/ -Ikern/debug/ -Ikern/driver/ -Ikern/trap/ -Ikern/mm/ -Ikern/libs/ -Ikern/sync/ -Ikern/fs/ -Ikern/process/ -Ikern/schedule/ -Ikern/syscall/ -Ikern/fs/swap/ -Ikern/fs/vfs/ -Ikern/fs/devs/ -Ikern/fs/sfs/ -c kern/process/switch.S -o obj/kern/process/switch.o
+ cc kern/schedule/default_sched.c
i386-elf-gcc -Ikern/schedule/ -fno-builtin -fno-PIC -Wall -ggdb -m32 -gstabs -nostdinc  -fno-stack-protector -Ilibs/ -Ikern/debug/ -Ikern/driver/ -Ikern/trap/ -Ikern/mm/ -Ikern/libs/ -Ikern/sync/ -Ikern/fs/ -Ikern/process/ -Ikern/schedule/ -Ikern/syscall/ -Ikern/fs/swap/ -Ikern/fs/vfs/ -Ikern/fs/devs/ -Ikern/fs/sfs/ -c kern/schedule/default_sched.c -o obj/kern/schedule/default_sched.o
+ cc kern/schedule/sched.c
i386-elf-gcc -Ikern/schedule/ -fno-builtin -fno-PIC -Wall -ggdb -m32 -gstabs -nostdinc  -fno-stack-protector -Ilibs/ -Ikern/debug/ -Ikern/driver/ -Ikern/trap/ -Ikern/mm/ -Ikern/libs/ -Ikern/sync/ -Ikern/fs/ -Ikern/process/ -Ikern/schedule/ -Ikern/syscall/ -Ikern/fs/swap/ -Ikern/fs/vfs/ -Ikern/fs/devs/ -Ikern/fs/sfs/ -c kern/schedule/sched.c -o obj/kern/schedule/sched.o
+ cc kern/syscall/syscall.c
i386-elf-gcc -Ikern/syscall/ -fno-builtin -fno-PIC -Wall -ggdb -m32 -gstabs -nostdinc  -fno-stack-protector -Ilibs/ -Ikern/debug/ -Ikern/driver/ -Ikern/trap/ -Ikern/mm/ -Ikern/libs/ -Ikern/sync/ -Ikern/fs/ -Ikern/process/ -Ikern/schedule/ -Ikern/syscall/ -Ikern/fs/swap/ -Ikern/fs/vfs/ -Ikern/fs/devs/ -Ikern/fs/sfs/ -c kern/syscall/syscall.c -o obj/kern/syscall/syscall.o
+ cc kern/fs/swap/swapfs.c
i386-elf-gcc -Ikern/fs/swap/ -fno-builtin -fno-PIC -Wall -ggdb -m32 -gstabs -nostdinc  -fno-stack-protector -Ilibs/ -Ikern/debug/ -Ikern/driver/ -Ikern/trap/ -Ikern/mm/ -Ikern/libs/ -Ikern/sync/ -Ikern/fs/ -Ikern/process/ -Ikern/schedule/ -Ikern/syscall/ -Ikern/fs/swap/ -Ikern/fs/vfs/ -Ikern/fs/devs/ -Ikern/fs/sfs/ -c kern/fs/swap/swapfs.c -o obj/kern/fs/swap/swapfs.o
+ cc kern/fs/vfs/inode.c
i386-elf-gcc -Ikern/fs/vfs/ -fno-builtin -fno-PIC -Wall -ggdb -m32 -gstabs -nostdinc  -fno-stack-protector -Ilibs/ -Ikern/debug/ -Ikern/driver/ -Ikern/trap/ -Ikern/mm/ -Ikern/libs/ -Ikern/sync/ -Ikern/fs/ -Ikern/process/ -Ikern/schedule/ -Ikern/syscall/ -Ikern/fs/swap/ -Ikern/fs/vfs/ -Ikern/fs/devs/ -Ikern/fs/sfs/ -c kern/fs/vfs/inode.c -o obj/kern/fs/vfs/inode.o
+ cc kern/fs/vfs/vfs.c
i386-elf-gcc -Ikern/fs/vfs/ -fno-builtin -fno-PIC -Wall -ggdb -m32 -gstabs -nostdinc  -fno-stack-protector -Ilibs/ -Ikern/debug/ -Ikern/driver/ -Ikern/trap/ -Ikern/mm/ -Ikern/libs/ -Ikern/sync/ -Ikern/fs/ -Ikern/process/ -Ikern/schedule/ -Ikern/syscall/ -Ikern/fs/swap/ -Ikern/fs/vfs/ -Ikern/fs/devs/ -Ikern/fs/sfs/ -c kern/fs/vfs/vfs.c -o obj/kern/fs/vfs/vfs.o
+ cc kern/fs/vfs/vfsdev.c
i386-elf-gcc -Ikern/fs/vfs/ -fno-builtin -fno-PIC -Wall -ggdb -m32 -gstabs -nostdinc  -fno-stack-protector -Ilibs/ -Ikern/debug/ -Ikern/driver/ -Ikern/trap/ -Ikern/mm/ -Ikern/libs/ -Ikern/sync/ -Ikern/fs/ -Ikern/process/ -Ikern/schedule/ -Ikern/syscall/ -Ikern/fs/swap/ -Ikern/fs/vfs/ -Ikern/fs/devs/ -Ikern/fs/sfs/ -c kern/fs/vfs/vfsdev.c -o obj/kern/fs/vfs/vfsdev.o
+ cc kern/fs/vfs/vfsfile.c
i386-elf-gcc -Ikern/fs/vfs/ -fno-builtin -fno-PIC -Wall -ggdb -m32 -gstabs -nostdinc  -fno-stack-protector -Ilibs/ -Ikern/debug/ -Ikern/driver/ -Ikern/trap/ -Ikern/mm/ -Ikern/libs/ -Ikern/sync/ -Ikern/fs/ -Ikern/process/ -Ikern/schedule/ -Ikern/syscall/ -Ikern/fs/swap/ -Ikern/fs/vfs/ -Ikern/fs/devs/ -Ikern/fs/sfs/ -c kern/fs/vfs/vfsfile.c -o obj/kern/fs/vfs/vfsfile.o
+ cc kern/fs/vfs/vfslookup.c
i386-elf-gcc -Ikern/fs/vfs/ -fno-builtin -fno-PIC -Wall -ggdb -m32 -gstabs -nostdinc  -fno-stack-protector -Ilibs/ -Ikern/debug/ -Ikern/driver/ -Ikern/trap/ -Ikern/mm/ -Ikern/libs/ -Ikern/sync/ -Ikern/fs/ -Ikern/process/ -Ikern/schedule/ -Ikern/syscall/ -Ikern/fs/swap/ -Ikern/fs/vfs/ -Ikern/fs/devs/ -Ikern/fs/sfs/ -c kern/fs/vfs/vfslookup.c -o obj/kern/fs/vfs/vfslookup.o
+ cc kern/fs/vfs/vfspath.c
i386-elf-gcc -Ikern/fs/vfs/ -fno-builtin -fno-PIC -Wall -ggdb -m32 -gstabs -nostdinc  -fno-stack-protector -Ilibs/ -Ikern/debug/ -Ikern/driver/ -Ikern/trap/ -Ikern/mm/ -Ikern/libs/ -Ikern/sync/ -Ikern/fs/ -Ikern/process/ -Ikern/schedule/ -Ikern/syscall/ -Ikern/fs/swap/ -Ikern/fs/vfs/ -Ikern/fs/devs/ -Ikern/fs/sfs/ -c kern/fs/vfs/vfspath.c -o obj/kern/fs/vfs/vfspath.o
+ cc kern/fs/devs/dev.c
i386-elf-gcc -Ikern/fs/devs/ -fno-builtin -fno-PIC -Wall -ggdb -m32 -gstabs -nostdinc  -fno-stack-protector -Ilibs/ -Ikern/debug/ -Ikern/driver/ -Ikern/trap/ -Ikern/mm/ -Ikern/libs/ -Ikern/sync/ -Ikern/fs/ -Ikern/process/ -Ikern/schedule/ -Ikern/syscall/ -Ikern/fs/swap/ -Ikern/fs/vfs/ -Ikern/fs/devs/ -Ikern/fs/sfs/ -c kern/fs/devs/dev.c -o obj/kern/fs/devs/dev.o
+ cc kern/fs/devs/dev_disk0.c
i386-elf-gcc -Ikern/fs/devs/ -fno-builtin -fno-PIC -Wall -ggdb -m32 -gstabs -nostdinc  -fno-stack-protector -Ilibs/ -Ikern/debug/ -Ikern/driver/ -Ikern/trap/ -Ikern/mm/ -Ikern/libs/ -Ikern/sync/ -Ikern/fs/ -Ikern/process/ -Ikern/schedule/ -Ikern/syscall/ -Ikern/fs/swap/ -Ikern/fs/vfs/ -Ikern/fs/devs/ -Ikern/fs/sfs/ -c kern/fs/devs/dev_disk0.c -o obj/kern/fs/devs/dev_disk0.o
+ cc kern/fs/devs/dev_stdin.c
i386-elf-gcc -Ikern/fs/devs/ -fno-builtin -fno-PIC -Wall -ggdb -m32 -gstabs -nostdinc  -fno-stack-protector -Ilibs/ -Ikern/debug/ -Ikern/driver/ -Ikern/trap/ -Ikern/mm/ -Ikern/libs/ -Ikern/sync/ -Ikern/fs/ -Ikern/process/ -Ikern/schedule/ -Ikern/syscall/ -Ikern/fs/swap/ -Ikern/fs/vfs/ -Ikern/fs/devs/ -Ikern/fs/sfs/ -c kern/fs/devs/dev_stdin.c -o obj/kern/fs/devs/dev_stdin.o
+ cc kern/fs/devs/dev_stdout.c
i386-elf-gcc -Ikern/fs/devs/ -fno-builtin -fno-PIC -Wall -ggdb -m32 -gstabs -nostdinc  -fno-stack-protector -Ilibs/ -Ikern/debug/ -Ikern/driver/ -Ikern/trap/ -Ikern/mm/ -Ikern/libs/ -Ikern/sync/ -Ikern/fs/ -Ikern/process/ -Ikern/schedule/ -Ikern/syscall/ -Ikern/fs/swap/ -Ikern/fs/vfs/ -Ikern/fs/devs/ -Ikern/fs/sfs/ -c kern/fs/devs/dev_stdout.c -o obj/kern/fs/devs/dev_stdout.o
+ cc kern/fs/sfs/bitmap.c
i386-elf-gcc -Ikern/fs/sfs/ -fno-builtin -fno-PIC -Wall -ggdb -m32 -gstabs -nostdinc  -fno-stack-protector -Ilibs/ -Ikern/debug/ -Ikern/driver/ -Ikern/trap/ -Ikern/mm/ -Ikern/libs/ -Ikern/sync/ -Ikern/fs/ -Ikern/process/ -Ikern/schedule/ -Ikern/syscall/ -Ikern/fs/swap/ -Ikern/fs/vfs/ -Ikern/fs/devs/ -Ikern/fs/sfs/ -c kern/fs/sfs/bitmap.c -o obj/kern/fs/sfs/bitmap.o
+ cc kern/fs/sfs/sfs.c
i386-elf-gcc -Ikern/fs/sfs/ -fno-builtin -fno-PIC -Wall -ggdb -m32 -gstabs -nostdinc  -fno-stack-protector -Ilibs/ -Ikern/debug/ -Ikern/driver/ -Ikern/trap/ -Ikern/mm/ -Ikern/libs/ -Ikern/sync/ -Ikern/fs/ -Ikern/process/ -Ikern/schedule/ -Ikern/syscall/ -Ikern/fs/swap/ -Ikern/fs/vfs/ -Ikern/fs/devs/ -Ikern/fs/sfs/ -c kern/fs/sfs/sfs.c -o obj/kern/fs/sfs/sfs.o
+ cc kern/fs/sfs/sfs_fs.c
i386-elf-gcc -Ikern/fs/sfs/ -fno-builtin -fno-PIC -Wall -ggdb -m32 -gstabs -nostdinc  -fno-stack-protector -Ilibs/ -Ikern/debug/ -Ikern/driver/ -Ikern/trap/ -Ikern/mm/ -Ikern/libs/ -Ikern/sync/ -Ikern/fs/ -Ikern/process/ -Ikern/schedule/ -Ikern/syscall/ -Ikern/fs/swap/ -Ikern/fs/vfs/ -Ikern/fs/devs/ -Ikern/fs/sfs/ -c kern/fs/sfs/sfs_fs.c -o obj/kern/fs/sfs/sfs_fs.o
+ cc kern/fs/sfs/sfs_inode.c
i386-elf-gcc -Ikern/fs/sfs/ -fno-builtin -fno-PIC -Wall -ggdb -m32 -gstabs -nostdinc  -fno-stack-protector -Ilibs/ -Ikern/debug/ -Ikern/driver/ -Ikern/trap/ -Ikern/mm/ -Ikern/libs/ -Ikern/sync/ -Ikern/fs/ -Ikern/process/ -Ikern/schedule/ -Ikern/syscall/ -Ikern/fs/swap/ -Ikern/fs/vfs/ -Ikern/fs/devs/ -Ikern/fs/sfs/ -c kern/fs/sfs/sfs_inode.c -o obj/kern/fs/sfs/sfs_inode.o
+ cc kern/fs/sfs/sfs_io.c
i386-elf-gcc -Ikern/fs/sfs/ -fno-builtin -fno-PIC -Wall -ggdb -m32 -gstabs -nostdinc  -fno-stack-protector -Ilibs/ -Ikern/debug/ -Ikern/driver/ -Ikern/trap/ -Ikern/mm/ -Ikern/libs/ -Ikern/sync/ -Ikern/fs/ -Ikern/process/ -Ikern/schedule/ -Ikern/syscall/ -Ikern/fs/swap/ -Ikern/fs/vfs/ -Ikern/fs/devs/ -Ikern/fs/sfs/ -c kern/fs/sfs/sfs_io.c -o obj/kern/fs/sfs/sfs_io.o
+ cc kern/fs/sfs/sfs_lock.c
i386-elf-gcc -Ikern/fs/sfs/ -fno-builtin -fno-PIC -Wall -ggdb -m32 -gstabs -nostdinc  -fno-stack-protector -Ilibs/ -Ikern/debug/ -Ikern/driver/ -Ikern/trap/ -Ikern/mm/ -Ikern/libs/ -Ikern/sync/ -Ikern/fs/ -Ikern/process/ -Ikern/schedule/ -Ikern/syscall/ -Ikern/fs/swap/ -Ikern/fs/vfs/ -Ikern/fs/devs/ -Ikern/fs/sfs/ -c kern/fs/sfs/sfs_lock.c -o obj/kern/fs/sfs/sfs_lock.o
+ cc libs/hash.c
i386-elf-gcc -Ilibs/ -fno-builtin -fno-PIC -Wall -ggdb -m32 -gstabs -nostdinc  -fno-stack-protector -Ilibs/  -c libs/hash.c -o obj/libs/hash.o
+ cc libs/printfmt.c
i386-elf-gcc -Ilibs/ -fno-builtin -fno-PIC -Wall -ggdb -m32 -gstabs -nostdinc  -fno-stack-protector -Ilibs/  -c libs/printfmt.c -o obj/libs/printfmt.o
+ cc libs/rand.c
i386-elf-gcc -Ilibs/ -fno-builtin -fno-PIC -Wall -ggdb -m32 -gstabs -nostdinc  -fno-stack-protector -Ilibs/  -c libs/rand.c -o obj/libs/rand.o
+ cc libs/string.c
i386-elf-gcc -Ilibs/ -fno-builtin -fno-PIC -Wall -ggdb -m32 -gstabs -nostdinc  -fno-stack-protector -Ilibs/  -c libs/string.c -o obj/libs/string.o
+ ld bin/kernel
i386-elf-ld -m    elf_i386 -nostdlib -T tools/kernel.ld -o bin/kernel  obj/kern/init/entry.o obj/kern/init/init.o obj/kern/libs/readline.o obj/kern/libs/stdio.o obj/kern/libs/string.o obj/kern/debug/kdebug.o obj/kern/debug/kmonitor.o obj/kern/debug/panic.o obj/kern/driver/clock.o obj/kern/driver/console.o obj/kern/driver/ide.o obj/kern/driver/intr.o obj/kern/driver/picirq.o obj/kern/trap/trap.o obj/kern/trap/trapentry.o obj/kern/trap/vectors.o obj/kern/mm/default_pmm.o obj/kern/mm/kmalloc.o obj/kern/mm/pmm.o obj/kern/mm/swap.o obj/kern/mm/swap_fifo.o obj/kern/mm/vmm.o obj/kern/sync/check_sync.o obj/kern/sync/monitor.o obj/kern/sync/sem.o obj/kern/sync/wait.o obj/kern/fs/file.o obj/kern/fs/fs.o obj/kern/fs/iobuf.o obj/kern/fs/sysfile.o obj/kern/process/entry.o obj/kern/process/proc.o obj/kern/process/switch.o obj/kern/schedule/default_sched.o obj/kern/schedule/sched.o obj/kern/syscall/syscall.o obj/kern/fs/swap/swapfs.o obj/kern/fs/vfs/inode.o obj/kern/fs/vfs/vfs.o obj/kern/fs/vfs/vfsdev.o obj/kern/fs/vfs/vfsfile.o obj/kern/fs/vfs/vfslookup.o obj/kern/fs/vfs/vfspath.o obj/kern/fs/devs/dev.o obj/kern/fs/devs/dev_disk0.o obj/kern/fs/devs/dev_stdin.o obj/kern/fs/devs/dev_stdout.o obj/kern/fs/sfs/bitmap.o obj/kern/fs/sfs/sfs.o obj/kern/fs/sfs/sfs_fs.o obj/kern/fs/sfs/sfs_inode.o obj/kern/fs/sfs/sfs_io.o obj/kern/fs/sfs/sfs_lock.o  obj/libs/hash.o obj/libs/printfmt.o obj/libs/rand.o obj/libs/string.o
+ cc boot/bootasm.S
i386-elf-gcc -Iboot/ -fno-builtin -fno-PIC -Wall -ggdb -m32 -gstabs -nostdinc  -fno-stack-protector -Ilibs/ -Os -nostdinc -c boot/bootasm.S -o obj/boot/bootasm.o
+ cc boot/bootmain.c
i386-elf-gcc -Iboot/ -fno-builtin -fno-PIC -Wall -ggdb -m32 -gstabs -nostdinc  -fno-stack-protector -Ilibs/ -Os -nostdinc -c boot/bootmain.c -o obj/boot/bootmain.o
+ cc tools/sign.c
gcc -Itools/ -g -Wall -O2 -D_FILE_OFFSET_BITS=64 -c tools/sign.c -o obj/sign/tools/sign.o
gcc -g -Wall -O2 -D_FILE_OFFSET_BITS=64 obj/sign/tools/sign.o -o bin/sign
+ ld bin/bootblock
i386-elf-ld -m    elf_i386 -nostdlib -N -T tools/boot.ld obj/boot/bootasm.o obj/boot/bootmain.o -o obj/bootblock.o
'obj/bootblock.out' size: 458 bytes
build 512 bytes boot sector: 'bin/bootblock' success!
+ cc tools/mksfs.c
gcc -Itools/ -g -Wall -O2 -D_FILE_OFFSET_BITS=64 -c tools/mksfs.c -o obj/mksfs/tools/mksfs.o
gcc -g -Wall -O2 -D_FILE_OFFSET_BITS=64 obj/mksfs/tools/mksfs.o -o bin/mksfs
dd if=/dev/zero of=bin/ucore.img count=10000
dd if=bin/bootblock of=bin/ucore.img conv=notrunc
dd if=bin/kernel of=bin/ucore.img seek=1 conv=notrunc
dd if=/dev/zero of=bin/swap.img bs=1m count=128
+ cc user/badarg.c
i386-elf-gcc -Iuser/ -fno-builtin -fno-PIC -Wall -ggdb -m32 -gstabs -nostdinc  -fno-stack-protector -Ilibs/ -Iuser/include/ -Iuser/libs/ -c user/badarg.c -o obj/user/badarg.o
+ cc user/libs/dir.c
i386-elf-gcc -Iuser/libs/ -fno-builtin -fno-PIC -Wall -ggdb -m32 -gstabs -nostdinc  -fno-stack-protector -Ilibs/ -Iuser/include/ -Iuser/libs/ -c user/libs/dir.c -o obj/user/libs/dir.o
+ cc user/libs/file.c
i386-elf-gcc -Iuser/libs/ -fno-builtin -fno-PIC -Wall -ggdb -m32 -gstabs -nostdinc  -fno-stack-protector -Ilibs/ -Iuser/include/ -Iuser/libs/ -c user/libs/file.c -o obj/user/libs/file.o
+ cc user/libs/initcode.S
i386-elf-gcc -Iuser/libs/ -fno-builtin -fno-PIC -Wall -ggdb -m32 -gstabs -nostdinc  -fno-stack-protector -Ilibs/ -Iuser/include/ -Iuser/libs/ -c user/libs/initcode.S -o obj/user/libs/initcode.o
+ cc user/libs/panic.c
i386-elf-gcc -Iuser/libs/ -fno-builtin -fno-PIC -Wall -ggdb -m32 -gstabs -nostdinc  -fno-stack-protector -Ilibs/ -Iuser/include/ -Iuser/libs/ -c user/libs/panic.c -o obj/user/libs/panic.o
+ cc user/libs/stdio.c
i386-elf-gcc -Iuser/libs/ -fno-builtin -fno-PIC -Wall -ggdb -m32 -gstabs -nostdinc  -fno-stack-protector -Ilibs/ -Iuser/include/ -Iuser/libs/ -c user/libs/stdio.c -o obj/user/libs/stdio.o
+ cc user/libs/syscall.c
i386-elf-gcc -Iuser/libs/ -fno-builtin -fno-PIC -Wall -ggdb -m32 -gstabs -nostdinc  -fno-stack-protector -Ilibs/ -Iuser/include/ -Iuser/libs/ -c user/libs/syscall.c -o obj/user/libs/syscall.o
+ cc user/libs/ulib.c
i386-elf-gcc -Iuser/libs/ -fno-builtin -fno-PIC -Wall -ggdb -m32 -gstabs -nostdinc  -fno-stack-protector -Ilibs/ -Iuser/include/ -Iuser/libs/ -c user/libs/ulib.c -o obj/user/libs/ulib.o
+ cc user/libs/umain.c
i386-elf-gcc -Iuser/libs/ -fno-builtin -fno-PIC -Wall -ggdb -m32 -gstabs -nostdinc  -fno-stack-protector -Ilibs/ -Iuser/include/ -Iuser/libs/ -c user/libs/umain.c -o obj/user/libs/umain.o
i386-elf-ld -m    elf_i386 -nostdlib -T tools/user.ld -o obj/__user_badarg.out  obj/user/libs/dir.o obj/user/libs/file.o obj/user/libs/initcode.o obj/user/libs/panic.o obj/user/libs/stdio.o obj/user/libs/syscall.o obj/user/libs/ulib.o obj/user/libs/umain.o  obj/libs/hash.o obj/libs/printfmt.o obj/libs/rand.o obj/libs/string.o obj/user/badarg.o
+ cc user/badsegment.c
i386-elf-gcc -Iuser/ -fno-builtin -fno-PIC -Wall -ggdb -m32 -gstabs -nostdinc  -fno-stack-protector -Ilibs/ -Iuser/include/ -Iuser/libs/ -c user/badsegment.c -o obj/user/badsegment.o
i386-elf-ld -m    elf_i386 -nostdlib -T tools/user.ld -o obj/__user_badsegment.out  obj/user/libs/dir.o obj/user/libs/file.o obj/user/libs/initcode.o obj/user/libs/panic.o obj/user/libs/stdio.o obj/user/libs/syscall.o obj/user/libs/ulib.o obj/user/libs/umain.o  obj/libs/hash.o obj/libs/printfmt.o obj/libs/rand.o obj/libs/string.o obj/user/badsegment.o
+ cc user/divzero.c
i386-elf-gcc -Iuser/ -fno-builtin -fno-PIC -Wall -ggdb -m32 -gstabs -nostdinc  -fno-stack-protector -Ilibs/ -Iuser/include/ -Iuser/libs/ -c user/divzero.c -o obj/user/divzero.o
i386-elf-ld -m    elf_i386 -nostdlib -T tools/user.ld -o obj/__user_divzero.out  obj/user/libs/dir.o obj/user/libs/file.o obj/user/libs/initcode.o obj/user/libs/panic.o obj/user/libs/stdio.o obj/user/libs/syscall.o obj/user/libs/ulib.o obj/user/libs/umain.o  obj/libs/hash.o obj/libs/printfmt.o obj/libs/rand.o obj/libs/string.o obj/user/divzero.o
+ cc user/exit.c
i386-elf-gcc -Iuser/ -fno-builtin -fno-PIC -Wall -ggdb -m32 -gstabs -nostdinc  -fno-stack-protector -Ilibs/ -Iuser/include/ -Iuser/libs/ -c user/exit.c -o obj/user/exit.o
i386-elf-ld -m    elf_i386 -nostdlib -T tools/user.ld -o obj/__user_exit.out  obj/user/libs/dir.o obj/user/libs/file.o obj/user/libs/initcode.o obj/user/libs/panic.o obj/user/libs/stdio.o obj/user/libs/syscall.o obj/user/libs/ulib.o obj/user/libs/umain.o  obj/libs/hash.o obj/libs/printfmt.o obj/libs/rand.o obj/libs/string.o obj/user/exit.o
+ cc user/faultread.c
i386-elf-gcc -Iuser/ -fno-builtin -fno-PIC -Wall -ggdb -m32 -gstabs -nostdinc  -fno-stack-protector -Ilibs/ -Iuser/include/ -Iuser/libs/ -c user/faultread.c -o obj/user/faultread.o
i386-elf-ld -m    elf_i386 -nostdlib -T tools/user.ld -o obj/__user_faultread.out  obj/user/libs/dir.o obj/user/libs/file.o obj/user/libs/initcode.o obj/user/libs/panic.o obj/user/libs/stdio.o obj/user/libs/syscall.o obj/user/libs/ulib.o obj/user/libs/umain.o  obj/libs/hash.o obj/libs/printfmt.o obj/libs/rand.o obj/libs/string.o obj/user/faultread.o
+ cc user/faultreadkernel.c
i386-elf-gcc -Iuser/ -fno-builtin -fno-PIC -Wall -ggdb -m32 -gstabs -nostdinc  -fno-stack-protector -Ilibs/ -Iuser/include/ -Iuser/libs/ -c user/faultreadkernel.c -o obj/user/faultreadkernel.o
i386-elf-ld -m    elf_i386 -nostdlib -T tools/user.ld -o obj/__user_faultreadkernel.out  obj/user/libs/dir.o obj/user/libs/file.o obj/user/libs/initcode.o obj/user/libs/panic.o obj/user/libs/stdio.o obj/user/libs/syscall.o obj/user/libs/ulib.o obj/user/libs/umain.o  obj/libs/hash.o obj/libs/printfmt.o obj/libs/rand.o obj/libs/string.o obj/user/faultreadkernel.o
+ cc user/forktest.c
i386-elf-gcc -Iuser/ -fno-builtin -fno-PIC -Wall -ggdb -m32 -gstabs -nostdinc  -fno-stack-protector -Ilibs/ -Iuser/include/ -Iuser/libs/ -c user/forktest.c -o obj/user/forktest.o
i386-elf-ld -m    elf_i386 -nostdlib -T tools/user.ld -o obj/__user_forktest.out  obj/user/libs/dir.o obj/user/libs/file.o obj/user/libs/initcode.o obj/user/libs/panic.o obj/user/libs/stdio.o obj/user/libs/syscall.o obj/user/libs/ulib.o obj/user/libs/umain.o  obj/libs/hash.o obj/libs/printfmt.o obj/libs/rand.o obj/libs/string.o obj/user/forktest.o
+ cc user/forktree.c
i386-elf-gcc -Iuser/ -fno-builtin -fno-PIC -Wall -ggdb -m32 -gstabs -nostdinc  -fno-stack-protector -Ilibs/ -Iuser/include/ -Iuser/libs/ -c user/forktree.c -o obj/user/forktree.o
i386-elf-ld -m    elf_i386 -nostdlib -T tools/user.ld -o obj/__user_forktree.out  obj/user/libs/dir.o obj/user/libs/file.o obj/user/libs/initcode.o obj/user/libs/panic.o obj/user/libs/stdio.o obj/user/libs/syscall.o obj/user/libs/ulib.o obj/user/libs/umain.o  obj/libs/hash.o obj/libs/printfmt.o obj/libs/rand.o obj/libs/string.o obj/user/forktree.o
+ cc user/hello.c
i386-elf-gcc -Iuser/ -fno-builtin -fno-PIC -Wall -ggdb -m32 -gstabs -nostdinc  -fno-stack-protector -Ilibs/ -Iuser/include/ -Iuser/libs/ -c user/hello.c -o obj/user/hello.o
i386-elf-ld -m    elf_i386 -nostdlib -T tools/user.ld -o obj/__user_hello.out  obj/user/libs/dir.o obj/user/libs/file.o obj/user/libs/initcode.o obj/user/libs/panic.o obj/user/libs/stdio.o obj/user/libs/syscall.o obj/user/libs/ulib.o obj/user/libs/umain.o  obj/libs/hash.o obj/libs/printfmt.o obj/libs/rand.o obj/libs/string.o obj/user/hello.o
+ cc user/ls.c
i386-elf-gcc -Iuser/ -fno-builtin -fno-PIC -Wall -ggdb -m32 -gstabs -nostdinc  -fno-stack-protector -Ilibs/ -Iuser/include/ -Iuser/libs/ -c user/ls.c -o obj/user/ls.o
i386-elf-ld -m    elf_i386 -nostdlib -T tools/user.ld -o obj/__user_ls.out  obj/user/libs/dir.o obj/user/libs/file.o obj/user/libs/initcode.o obj/user/libs/panic.o obj/user/libs/stdio.o obj/user/libs/syscall.o obj/user/libs/ulib.o obj/user/libs/umain.o  obj/libs/hash.o obj/libs/printfmt.o obj/libs/rand.o obj/libs/string.o obj/user/ls.o
+ cc user/matrix.c
i386-elf-gcc -Iuser/ -fno-builtin -fno-PIC -Wall -ggdb -m32 -gstabs -nostdinc  -fno-stack-protector -Ilibs/ -Iuser/include/ -Iuser/libs/ -c user/matrix.c -o obj/user/matrix.o
i386-elf-ld -m    elf_i386 -nostdlib -T tools/user.ld -o obj/__user_matrix.out  obj/user/libs/dir.o obj/user/libs/file.o obj/user/libs/initcode.o obj/user/libs/panic.o obj/user/libs/stdio.o obj/user/libs/syscall.o obj/user/libs/ulib.o obj/user/libs/umain.o  obj/libs/hash.o obj/libs/printfmt.o obj/libs/rand.o obj/libs/string.o obj/user/matrix.o
+ cc user/pgdir.c
i386-elf-gcc -Iuser/ -fno-builtin -fno-PIC -Wall -ggdb -m32 -gstabs -nostdinc  -fno-stack-protector -Ilibs/ -Iuser/include/ -Iuser/libs/ -c user/pgdir.c -o obj/user/pgdir.o
i386-elf-ld -m    elf_i386 -nostdlib -T tools/user.ld -o obj/__user_pgdir.out  obj/user/libs/dir.o obj/user/libs/file.o obj/user/libs/initcode.o obj/user/libs/panic.o obj/user/libs/stdio.o obj/user/libs/syscall.o obj/user/libs/ulib.o obj/user/libs/umain.o  obj/libs/hash.o obj/libs/printfmt.o obj/libs/rand.o obj/libs/string.o obj/user/pgdir.o
+ cc user/priority.c
i386-elf-gcc -Iuser/ -fno-builtin -fno-PIC -Wall -ggdb -m32 -gstabs -nostdinc  -fno-stack-protector -Ilibs/ -Iuser/include/ -Iuser/libs/ -c user/priority.c -o obj/user/priority.o
i386-elf-ld -m    elf_i386 -nostdlib -T tools/user.ld -o obj/__user_priority.out  obj/user/libs/dir.o obj/user/libs/file.o obj/user/libs/initcode.o obj/user/libs/panic.o obj/user/libs/stdio.o obj/user/libs/syscall.o obj/user/libs/ulib.o obj/user/libs/umain.o  obj/libs/hash.o obj/libs/printfmt.o obj/libs/rand.o obj/libs/string.o obj/user/priority.o
+ cc user/sfs_filetest1.c
i386-elf-gcc -Iuser/ -fno-builtin -fno-PIC -Wall -ggdb -m32 -gstabs -nostdinc  -fno-stack-protector -Ilibs/ -Iuser/include/ -Iuser/libs/ -c user/sfs_filetest1.c -o obj/user/sfs_filetest1.o
i386-elf-ld -m    elf_i386 -nostdlib -T tools/user.ld -o obj/__user_sfs_filetest1.out  obj/user/libs/dir.o obj/user/libs/file.o obj/user/libs/initcode.o obj/user/libs/panic.o obj/user/libs/stdio.o obj/user/libs/syscall.o obj/user/libs/ulib.o obj/user/libs/umain.o  obj/libs/hash.o obj/libs/printfmt.o obj/libs/rand.o obj/libs/string.o obj/user/sfs_filetest1.o
+ cc user/sh.c
i386-elf-gcc -Iuser/ -fno-builtin -fno-PIC -Wall -ggdb -m32 -gstabs -nostdinc  -fno-stack-protector -Ilibs/ -Iuser/include/ -Iuser/libs/ -c user/sh.c -o obj/user/sh.o
i386-elf-ld -m    elf_i386 -nostdlib -T tools/user.ld -o obj/__user_sh.out  obj/user/libs/dir.o obj/user/libs/file.o obj/user/libs/initcode.o obj/user/libs/panic.o obj/user/libs/stdio.o obj/user/libs/syscall.o obj/user/libs/ulib.o obj/user/libs/umain.o  obj/libs/hash.o obj/libs/printfmt.o obj/libs/rand.o obj/libs/string.o obj/user/sh.o
+ cc user/sleep.c
i386-elf-gcc -Iuser/ -fno-builtin -fno-PIC -Wall -ggdb -m32 -gstabs -nostdinc  -fno-stack-protector -Ilibs/ -Iuser/include/ -Iuser/libs/ -c user/sleep.c -o obj/user/sleep.o
i386-elf-ld -m    elf_i386 -nostdlib -T tools/user.ld -o obj/__user_sleep.out  obj/user/libs/dir.o obj/user/libs/file.o obj/user/libs/initcode.o obj/user/libs/panic.o obj/user/libs/stdio.o obj/user/libs/syscall.o obj/user/libs/ulib.o obj/user/libs/umain.o  obj/libs/hash.o obj/libs/printfmt.o obj/libs/rand.o obj/libs/string.o obj/user/sleep.o
+ cc user/sleepkill.c
i386-elf-gcc -Iuser/ -fno-builtin -fno-PIC -Wall -ggdb -m32 -gstabs -nostdinc  -fno-stack-protector -Ilibs/ -Iuser/include/ -Iuser/libs/ -c user/sleepkill.c -o obj/user/sleepkill.o
i386-elf-ld -m    elf_i386 -nostdlib -T tools/user.ld -o obj/__user_sleepkill.out  obj/user/libs/dir.o obj/user/libs/file.o obj/user/libs/initcode.o obj/user/libs/panic.o obj/user/libs/stdio.o obj/user/libs/syscall.o obj/user/libs/ulib.o obj/user/libs/umain.o  obj/libs/hash.o obj/libs/printfmt.o obj/libs/rand.o obj/libs/string.o obj/user/sleepkill.o
+ cc user/softint.c
i386-elf-gcc -Iuser/ -fno-builtin -fno-PIC -Wall -ggdb -m32 -gstabs -nostdinc  -fno-stack-protector -Ilibs/ -Iuser/include/ -Iuser/libs/ -c user/softint.c -o obj/user/softint.o
i386-elf-ld -m    elf_i386 -nostdlib -T tools/user.ld -o obj/__user_softint.out  obj/user/libs/dir.o obj/user/libs/file.o obj/user/libs/initcode.o obj/user/libs/panic.o obj/user/libs/stdio.o obj/user/libs/syscall.o obj/user/libs/ulib.o obj/user/libs/umain.o  obj/libs/hash.o obj/libs/printfmt.o obj/libs/rand.o obj/libs/string.o obj/user/softint.o
+ cc user/spin.c
i386-elf-gcc -Iuser/ -fno-builtin -fno-PIC -Wall -ggdb -m32 -gstabs -nostdinc  -fno-stack-protector -Ilibs/ -Iuser/include/ -Iuser/libs/ -c user/spin.c -o obj/user/spin.o
i386-elf-ld -m    elf_i386 -nostdlib -T tools/user.ld -o obj/__user_spin.out  obj/user/libs/dir.o obj/user/libs/file.o obj/user/libs/initcode.o obj/user/libs/panic.o obj/user/libs/stdio.o obj/user/libs/syscall.o obj/user/libs/ulib.o obj/user/libs/umain.o  obj/libs/hash.o obj/libs/printfmt.o obj/libs/rand.o obj/libs/string.o obj/user/spin.o
+ cc user/testbss.c
i386-elf-gcc -Iuser/ -fno-builtin -fno-PIC -Wall -ggdb -m32 -gstabs -nostdinc  -fno-stack-protector -Ilibs/ -Iuser/include/ -Iuser/libs/ -c user/testbss.c -o obj/user/testbss.o
i386-elf-ld -m    elf_i386 -nostdlib -T tools/user.ld -o obj/__user_testbss.out  obj/user/libs/dir.o obj/user/libs/file.o obj/user/libs/initcode.o obj/user/libs/panic.o obj/user/libs/stdio.o obj/user/libs/syscall.o obj/user/libs/ulib.o obj/user/libs/umain.o  obj/libs/hash.o obj/libs/printfmt.o obj/libs/rand.o obj/libs/string.o obj/user/testbss.o
+ cc user/waitkill.c
i386-elf-gcc -Iuser/ -fno-builtin -fno-PIC -Wall -ggdb -m32 -gstabs -nostdinc  -fno-stack-protector -Ilibs/ -Iuser/include/ -Iuser/libs/ -c user/waitkill.c -o obj/user/waitkill.o
i386-elf-ld -m    elf_i386 -nostdlib -T tools/user.ld -o obj/__user_waitkill.out  obj/user/libs/dir.o obj/user/libs/file.o obj/user/libs/initcode.o obj/user/libs/panic.o obj/user/libs/stdio.o obj/user/libs/syscall.o obj/user/libs/ulib.o obj/user/libs/umain.o  obj/libs/hash.o obj/libs/printfmt.o obj/libs/rand.o obj/libs/string.o obj/user/waitkill.o
+ cc user/yield.c
i386-elf-gcc -Iuser/ -fno-builtin -fno-PIC -Wall -ggdb -m32 -gstabs -nostdinc  -fno-stack-protector -Ilibs/ -Iuser/include/ -Iuser/libs/ -c user/yield.c -o obj/user/yield.o
i386-elf-ld -m    elf_i386 -nostdlib -T tools/user.ld -o obj/__user_yield.out  obj/user/libs/dir.o obj/user/libs/file.o obj/user/libs/initcode.o obj/user/libs/panic.o obj/user/libs/stdio.o obj/user/libs/syscall.o obj/user/libs/ulib.o obj/user/libs/umain.o  obj/libs/hash.o obj/libs/printfmt.o obj/libs/rand.o obj/libs/string.o obj/user/yield.o
dd if=/dev/zero of=bin/sfs.img bs=1m count=128
create bin/sfs.img (disk0) successfully.
