(THU.CST) os is loading ...

Special kernel symbols:
  kern_entry           0xc0100000 (phys)
  kern_init            0xc0100040 (phys)
  etext                0xc0116a9b (phys)
  __STAB_BEGIN__       0xc011bae0 (phys)
  ___STAB_END__        0xc014cdf4 (phys)
  __STABSTR_BEGIN__    0xc014cdf5 (phys)
  __STABSTR_END__      0xc0159d4a (phys)
  bootstack            0xc015a000 (phys)
  bootstacktop         0xc015c000 (phys)
  __vectors            0xc015c5e0 (phys)
  __boot_pgdir         0xc015d000 (phys)
  __boot_pte           0xc015e000 (phys)
  edata                0xc023e000 (phys)
  end                  0xc02423c4 (phys)
  Kernel executable memory footprint: 1289KB
ebp:0xc015bf48 eip:0xc0100b40 args:0xc0100203 0xffff6ad9 0xc015bf78 0xc01000dc 
    kern/debug/kdebug.c:379: print_stackframe+28
ebp:0xc015bf58 eip:0xc0100e3c args:0x00000000 0x00000000 0x00000000 0xc0116ac1 
    kern/debug/kmonitor.c:141: mon_backtrace+10
ebp:0xc015bf78 eip:0xc01000dc args:0x00000000 0xc015bfa0 0xffff0000 0xc015bfa4 
    kern/init/init.c:64: grade_backtrace2+19
ebp:0xc015bf98 eip:0xc01000fe args:0x00000000 0xffff0000 0xc015bfc4 0x0000002d 
    kern/init/init.c:69: grade_backtrace1+27
ebp:0xc015bfb8 eip:0xc010011b args:0x00000000 0xc0100040 0xffff0000 0xc010007f 
    kern/init/init.c:74: grade_backtrace0+19
ebp:0xc015bfd8 eip:0xc010013c args:0x00000000 0x00000000 0x00000000 0xc0116aa0 
    kern/init/init.c:79: grade_backtrace+26
ebp:0xc015bff8 eip:0xc010008c args:0xc0116d98 0xc0116da0 0xc0100dc6 0xc0116dbf 
    kern/init/init.c:41: kern_init+75
memory management: default_pmm_manager
e820map:
  memory: 0009f000, [00000000, 0009efff], type = 1.
  memory: 00001000, [0009f000, 0009ffff], type = 2.
  memory: 00018000, [000e8000, 000fffff], type = 2.
  memory: 01ef0000, [00100000, 01feffff], type = 1.
  memory: 00010000, [01ff0000, 01ffffff], type = 3.
  memory: 00040000, [fffc0000, ffffffff], type = 2.
maxpa: 01ff0000
end: c02423c4
npage: 00001ff0, pages: c0243000
freemem: 0028adc0.
begin: 0028b000
end: 01ff0000
check_alloc_page() succeeded!
check_pgdir() succeeded!
check_boot_pgdir() succeeded!
-------------------- BEGIN --------------------
PDE(0e0) c0000000-f8000000 38000000 urw
  |-- PTE(38000) c0000000-f8000000 38000000 -rw
PDE(001) fac00000-fb000000 00400000 -rw
  |-- PTE(000e0) faf00000-fafe0000 000e0000 urw
  |-- PTE(00001) fafeb000-fafec000 00001000 -rw
--------------------- END ---------------------
use SLOB allocator
check_slab() success
kmalloc_init() succeeded!
check_vma_struct() succeeded!
check_pgfault() succeeded!
check_vmm() succeeded.
sched class: stride_scheduler
do_fork: name = "init_main", kstack = c015a000, kstacktop = c015c000.
wakeup_proc: pid = 1, name = "init_main".
ide 0:      10000(sectors), 'Generic 1234'.
ide 1:     262144(sectors), 'Generic 1234'.
SWAP: manager = fifo swap manager
BEGIN check_swap: count 1, total 7520
setup Page Table for vaddr 0X1000, so alloc a page
setup Page Table vaddr 0~4MB OVER!
set up init env for check_swap begin!
page fault at 0x00001000: K/W [no page found].
page fault at 0x00002000: K/W [no page found].
page fault at 0x00003000: K/W [no page found].
page fault at 0x00004000: K/W [no page found].
set up init env for check_swap over!
write Virt Page c in fifo_check_swap
write Virt Page a in fifo_check_swap
write Virt Page d in fifo_check_swap
write Virt Page b in fifo_check_swap
write Virt Page e in fifo_check_swap
page fault at 0x00005000: K/W [no page found].
swap_out: i 0, store page in vaddr 0x1000 to disk swap entry 2
write Virt Page b in fifo_check_swap
write Virt Page a in fifo_check_swap
page fault at 0x00001000: K/W [no page found].
do pgfault: ptep c0290004, pte 200
swap_out: i 0, store page in vaddr 0x2000 to disk swap entry 3
swap_in: load disk swap entry 2 with swap_page in vadr 0x1000
write Virt Page b in fifo_check_swap
page fault at 0x00002000: K/W [no page found].
do pgfault: ptep c0290008, pte 300
swap_out: i 0, store page in vaddr 0x3000 to disk swap entry 4
swap_in: load disk swap entry 3 with swap_page in vadr 0x2000
write Virt Page c in fifo_check_swap
page fault at 0x00003000: K/W [no page found].
do pgfault: ptep c029000c, pte 400
swap_out: i 0, store page in vaddr 0x4000 to disk swap entry 5
swap_in: load disk swap entry 4 with swap_page in vadr 0x3000
write Virt Page d in fifo_check_swap
page fault at 0x00004000: K/W [no page found].
do pgfault: ptep c0290010, pte 500
swap_out: i 0, store page in vaddr 0x5000 to disk swap entry 6
swap_in: load disk swap entry 5 with swap_page in vadr 0x4000
write Virt Page e in fifo_check_swap
page fault at 0x00005000: K/W [no page found].
do pgfault: ptep c0290014, pte 600
swap_out: i 0, store page in vaddr 0x1000 to disk swap entry 2
swap_in: load disk swap entry 6 with swap_page in vadr 0x5000
write Virt Page a in fifo_check_swap
page fault at 0x00001000: K/R [no page found].
do pgfault: ptep c0290004, pte 200
swap_out: i 0, store page in vaddr 0x2000 to disk swap entry 3
swap_in: load disk swap entry 2 with swap_page in vadr 0x1000
count is 0, total is 5
check_swap() succeeded!
kernel panic at kern/fs/devs/dev_disk0.c:142:
    disk0 device isn't available.

stack trackback:
ebp:0xc015bf48 eip:0xc0100b40 args:0xc028b4b8 0x00000000 0x00000100 0xc015bf7c 
    kern/debug/kdebug.c:379: print_stackframe+28
ebp:0xc015bf68 eip:0xc0100eaf args:0xc011a9c0 0x0000008e 0xc011aaac 0xc028b4b8 
    kern/debug/panic.c:30: __panic+107
ebp:0xc015bf88 eip:0xc0111729 args:0xc028b4b8 0xc028b340 0xc015bfb8 0xc01117c7 
    kern/fs/devs/dev_disk0.c:142: disk0_device_init+45
ebp:0xc015bfb8 eip:0xc01117fe args:0x01701098 0x0000000b 0xc015bfd8 0xc010b2a1 
    kern/fs/devs/dev_disk0.c:176: dev_init_disk0+65
ebp:0xc015bfc8 eip:0xc0111424 args:0x00010074 0x00000a1b 0xc015bff8 0xc01000b9 
    kern/fs/devs/dev.c:172: dev_init+20
ebp:0xc015bfd8 eip:0xc010b2a1 args:0x00000000 0x00000000 0x00000000 0xc0116aa0 
    kern/fs/fs.c:24: fs_init+15
ebp:0xc015bff8 eip:0xc01000b9 args:0xc0116d98 0xc0116da0 0xc0100dc6 0xc0116dbf 
    kern/init/init.c:54: kern_init+120
Welcome to the kernel debug monitor!!
Type 'help' for a list of commands.
K> 